# JRE version: OpenJDK Runtime Environment (17.0.1+12) (build 17.0.1+12)
# Java VM: OpenJDK 64-Bit Server VM (17.0.1+12, mixed mode, tiered, compressed oops, compressed class ptrs, parallel gc, linux-amd64)
GC Precious Log:
 CPUs: 8 total, 8 available
 Memory: 7959M
 Large Page Support: Disabled
 NUMA Support: Disabled
 Compressed Oops: Enabled (32-bit)
 Alignments: Space 512K, Generation 512K, Heap 2M
 Heap Min Capacity: 100M
 Heap Initial Capacity: 100M
 Heap Max Capacity: 1G
 Pre-touch: Disabled
 Parallel Workers: 8
Heap:
 PSYoungGen      total 16384K, used 7476K [0x00000000eab00000, 0x00000000ec100000, 0x0000000100000000)
  eden space 14336K, 40% used [0x00000000eab00000,0x00000000eb0b7968,0x00000000eb900000)
  from space 2048K, 79% used [0x00000000eb900000,0x00000000eba95988,0x00000000ebb00000)
  to   space 3584K, 0% used [0x00000000ebd80000,0x00000000ebd80000,0x00000000ec100000)
 ParOldGen       total 68608K, used 37634K [0x00000000c0000000, 0x00000000c4300000, 0x00000000eab00000)
  object space 68608K, 54% used [0x00000000c0000000,0x00000000c24c0920,0x00000000c4300000)
 Metaspace       used 61601K, committed 62400K, reserved 1105920K
  class space    used 6323K, committed 6656K, reserved 1048576K
GC Heap History (20 events):
Event: 4.129 GC heap before
{Heap before GC invocations=17 (full 2):
 PSYoungGen      total 20992K, used 20981K [0x00000000eab00000, 0x00000000ec780000, 0x0000000100000000)
  eden space 19456K, 99% used [0x00000000eab00000,0x00000000ebdfffd8,0x00000000ebe00000)
  from space 1536K, 99% used [0x00000000ec280000,0x00000000ec3fd430,0x00000000ec400000)
  to   space 4608K, 0% used [0x00000000ebe00000,0x00000000ebe00000,0x00000000ec280000)
 ParOldGen       total 68608K, used 30396K [0x00000000c0000000, 0x00000000c4300000, 0x00000000eab00000)
  object space 68608K, 44% used [0x00000000c0000000,0x00000000c1daf230,0x00000000c4300000)
 Metaspace       used 56064K, committed 56832K, reserved 1105920K
  class space    used 5844K, committed 6144K, reserved 1048576K
}
Event: 4.132 GC heap after
{Heap after GC invocations=17 (full 2):
 PSYoungGen      total 21504K, used 1974K [0x00000000eab00000, 0x00000000ec400000, 0x0000000100000000)
  eden space 19456K, 0% used [0x00000000eab00000,0x00000000eab00000,0x00000000ebe00000)
  from space 2048K, 96% used [0x00000000ebe00000,0x00000000ebfed830,0x00000000ec000000)
  to   space 3072K, 0% used [0x00000000ec100000,0x00000000ec100000,0x00000000ec400000)
 ParOldGen       total 68608K, used 31740K [0x00000000c0000000, 0x00000000c4300000, 0x00000000eab00000)
  object space 68608K, 46% used [0x00000000c0000000,0x00000000c1eff2c0,0x00000000c4300000)
 Metaspace       used 56064K, committed 56832K, reserved 1105920K
  class space    used 5844K, committed 6144K, reserved 1048576K
}
Event: 4.202 GC heap before
{Heap before GC invocations=18 (full 2):
 PSYoungGen      total 21504K, used 21430K [0x00000000eab00000, 0x00000000ec400000, 0x0000000100000000)
  eden space 19456K, 100% used [0x00000000eab00000,0x00000000ebe00000,0x00000000ebe00000)
  from space 2048K, 96% used [0x00000000ebe00000,0x00000000ebfed830,0x00000000ec000000)
  to   space 3072K, 0% used [0x00000000ec100000,0x00000000ec100000,0x00000000ec400000)
 ParOldGen       total 68608K, used 31740K [0x00000000c0000000, 0x00000000c4300000, 0x00000000eab00000)
  object space 68608K, 46% used [0x00000000c0000000,0x00000000c1eff2c0,0x00000000c4300000)
 Metaspace       used 56093K, committed 56832K, reserved 1105920K
  class space    used 5844K, committed 6144K, reserved 1048576K
}
Event: 4.204 GC heap after
{Heap after GC invocations=18 (full 2):
 PSYoungGen      total 19968K, used 224K [0x00000000eab00000, 0x00000000ec180000, 0x0000000100000000)
  eden space 19456K, 0% used [0x00000000eab00000,0x00000000eab00000,0x00000000ebe00000)
  from space 512K, 43% used [0x00000000ec100000,0x00000000ec138000,0x00000000ec180000)
  to   space 1024K, 0% used [0x00000000ebf80000,0x00000000ebf80000,0x00000000ec080000)
 ParOldGen       total 68608K, used 33017K [0x00000000c0000000, 0x00000000c4300000, 0x00000000eab00000)
  object space 68608K, 48% used [0x00000000c0000000,0x00000000c203e520,0x00000000c4300000)
 Metaspace       used 56093K, committed 56832K, reserved 1105920K
  class space    used 5844K, committed 6144K, reserved 1048576K
}
Event: 4.280 GC heap before
{Heap before GC invocations=19 (full 2):
 PSYoungGen      total 19968K, used 19680K [0x00000000eab00000, 0x00000000ec180000, 0x0000000100000000)
  eden space 19456K, 100% used [0x00000000eab00000,0x00000000ebe00000,0x00000000ebe00000)
  from space 512K, 43% used [0x00000000ec100000,0x00000000ec138000,0x00000000ec180000)
  to   space 1024K, 0% used [0x00000000ebf80000,0x00000000ebf80000,0x00000000ec080000)
 ParOldGen       total 68608K, used 33017K [0x00000000c0000000, 0x00000000c4300000, 0x00000000eab00000)
  object space 68608K, 48% used [0x00000000c0000000,0x00000000c203e520,0x00000000c4300000)
 Metaspace       used 56115K, committed 56832K, reserved 1105920K
  class space    used 5850K, committed 6144K, reserved 1048576K
}
Event: 4.282 GC heap after
{Heap after GC invocations=19 (full 2):
 PSYoungGen      total 20480K, used 624K [0x00000000eab00000, 0x00000000ec180000, 0x0000000100000000)
  eden space 19456K, 0% used [0x00000000eab00000,0x00000000eab00000,0x00000000ebe00000)
  from space 1024K, 60% used [0x00000000ebf80000,0x00000000ec01c010,0x00000000ec080000)
  to   space 1024K, 0% used [0x00000000ec080000,0x00000000ec080000,0x00000000ec180000)
 ParOldGen       total 68608K, used 33095K [0x00000000c0000000, 0x00000000c4300000, 0x00000000eab00000)
  object space 68608K, 48% used [0x00000000c0000000,0x00000000c2051cc0,0x00000000c4300000)
 Metaspace       used 56115K, committed 56832K, reserved 1105920K
  class space    used 5850K, committed 6144K, reserved 1048576K
}
Event: 4.371 GC heap before
{Heap before GC invocations=20 (full 2):
 PSYoungGen      total 20480K, used 20080K [0x00000000eab00000, 0x00000000ec180000, 0x0000000100000000)
  eden space 19456K, 100% used [0x00000000eab00000,0x00000000ebe00000,0x00000000ebe00000)
  from space 1024K, 60% used [0x00000000ebf80000,0x00000000ec01c010,0x00000000ec080000)
  to   space 1024K, 0% used [0x00000000ec080000,0x00000000ec080000,0x00000000ec180000)
 ParOldGen       total 68608K, used 33095K [0x00000000c0000000, 0x00000000c4300000, 0x00000000eab00000)
  object space 68608K, 48% used [0x00000000c0000000,0x00000000c2051cc0,0x00000000c4300000)
 Metaspace       used 56261K, committed 57024K, reserved 1105920K
  class space    used 5867K, committed 6208K, reserved 1048576K
}
Event: 4.374 GC heap after
{Heap after GC invocations=20 (full 2):
 PSYoungGen      total 20480K, used 1024K [0x00000000eab00000, 0x00000000ec300000, 0x0000000100000000)
  eden space 19456K, 0% used [0x00000000eab00000,0x00000000eab00000,0x00000000ebe00000)
  from space 1024K, 100% used [0x00000000ec080000,0x00000000ec180000,0x00000000ec180000)
  to   space 2560K, 0% used [0x00000000ebe00000,0x00000000ebe00000,0x00000000ec080000)
 ParOldGen       total 68608K, used 34242K [0x00000000c0000000, 0x00000000c4300000, 0x00000000eab00000)
  object space 68608K, 49% used [0x00000000c0000000,0x00000000c2170ba0,0x00000000c4300000)
 Metaspace       used 56261K, committed 57024K, reserved 1105920K
  class space    used 5867K, committed 6208K, reserved 1048576K
}
Event: 4.641 GC heap before
{Heap before GC invocations=21 (full 2):
 PSYoungGen      total 20480K, used 20480K [0x00000000eab00000, 0x00000000ec300000, 0x0000000100000000)
  eden space 19456K, 100% used [0x00000000eab00000,0x00000000ebe00000,0x00000000ebe00000)
  from space 1024K, 100% used [0x00000000ec080000,0x00000000ec180000,0x00000000ec180000)
  to   space 2560K, 0% used [0x00000000ebe00000,0x00000000ebe00000,0x00000000ec080000)
 ParOldGen       total 68608K, used 34242K [0x00000000c0000000, 0x00000000c4300000, 0x00000000eab00000)
  object space 68608K, 49% used [0x00000000c0000000,0x00000000c2170ba0,0x00000000c4300000)
 Metaspace       used 58482K, committed 59264K, reserved 1105920K
  class space    used 6044K, committed 6400K, reserved 1048576K
}
Event: 4.644 GC heap after
{Heap after GC invocations=21 (full 2):
 PSYoungGen      total 22016K, used 2025K [0x00000000eab00000, 0x00000000ec300000, 0x0000000100000000)
  eden space 19456K, 0% used [0x00000000eab00000,0x00000000eab00000,0x00000000ebe00000)
  from space 2560K, 79% used [0x00000000ebe00000,0x00000000ebffa480,0x00000000ec080000)
  to   space 2560K, 0% used [0x00000000ec080000,0x00000000ec080000,0x00000000ec300000)
 ParOldGen       total 68608K, used 35226K [0x00000000c0000000, 0x00000000c4300000, 0x00000000eab00000)
  object space 68608K, 51% used [0x00000000c0000000,0x00000000c2266ba0,0x00000000c4300000)
 Metaspace       used 58482K, committed 59264K, reserved 1105920K
  class space    used 6044K, committed 6400K, reserved 1048576K
}
Event: 4.725 GC heap before
{Heap before GC invocations=22 (full 2):
 PSYoungGen      total 22016K, used 10513K [0x00000000eab00000, 0x00000000ec300000, 0x0000000100000000)
  eden space 19456K, 43% used [0x00000000eab00000,0x00000000eb34a048,0x00000000ebe00000)
  from space 2560K, 79% used [0x00000000ebe00000,0x00000000ebffa480,0x00000000ec080000)
  to   space 2560K, 0% used [0x00000000ec080000,0x00000000ec080000,0x00000000ec300000)
 ParOldGen       total 68608K, used 35226K [0x00000000c0000000, 0x00000000c4300000, 0x00000000eab00000)
  object space 68608K, 51% used [0x00000000c0000000,0x00000000c2266ba0,0x00000000c4300000)
 Metaspace       used 59102K, committed 59776K, reserved 1105920K
  class space    used 6107K, committed 6400K, reserved 1048576K
}
Event: 4.727 GC heap after
{Heap after GC invocations=22 (full 2):
 PSYoungGen      total 21504K, used 1735K [0x00000000eab00000, 0x00000000ec280000, 0x0000000100000000)
  eden space 19456K, 0% used [0x00000000eab00000,0x00000000eab00000,0x00000000ebe00000)
  from space 2048K, 84% used [0x00000000ec080000,0x00000000ec231d10,0x00000000ec280000)
  to   space 2048K, 0% used [0x00000000ebe80000,0x00000000ebe80000,0x00000000ec080000)
 ParOldGen       total 68608K, used 36723K [0x00000000c0000000, 0x00000000c4300000, 0x00000000eab00000)
  object space 68608K, 53% used [0x00000000c0000000,0x00000000c23dcc78,0x00000000c4300000)
 Metaspace       used 59102K, committed 59776K, reserved 1105920K
  class space    used 6107K, committed 6400K, reserved 1048576K
}
Event: 4.727 GC heap before
{Heap before GC invocations=23 (full 3):
 PSYoungGen      total 21504K, used 1735K [0x00000000eab00000, 0x00000000ec280000, 0x0000000100000000)
  eden space 19456K, 0% used [0x00000000eab00000,0x00000000eab00000,0x00000000ebe00000)
  from space 2048K, 84% used [0x00000000ec080000,0x00000000ec231d10,0x00000000ec280000)
  to   space 2048K, 0% used [0x00000000ebe80000,0x00000000ebe80000,0x00000000ec080000)
 ParOldGen       total 68608K, used 36723K [0x00000000c0000000, 0x00000000c4300000, 0x00000000eab00000)
  object space 68608K, 53% used [0x00000000c0000000,0x00000000c23dcc78,0x00000000c4300000)
 Metaspace       used 59102K, committed 59776K, reserved 1105920K
  class space    used 6107K, committed 6400K, reserved 1048576K
}
Event: 4.772 GC heap after
{Heap after GC invocations=23 (full 3):
 PSYoungGen      total 21504K, used 0K [0x00000000eab00000, 0x00000000ec280000, 0x0000000100000000)
  eden space 19456K, 0% used [0x00000000eab00000,0x00000000eab00000,0x00000000ebe00000)
  from space 2048K, 0% used [0x00000000ec080000,0x00000000ec080000,0x00000000ec280000)
  to   space 2048K, 0% used [0x00000000ebe80000,0x00000000ebe80000,0x00000000ec080000)
 ParOldGen       total 68608K, used 32078K [0x00000000c0000000, 0x00000000c4300000, 0x00000000eab00000)
  object space 68608K, 46% used [0x00000000c0000000,0x00000000c1f53848,0x00000000c4300000)
 Metaspace       used 59102K, committed 59776K, reserved 1105920K
  class space    used 6107K, committed 6400K, reserved 1048576K
}
Event: 4.955 GC heap before
{Heap before GC invocations=24 (full 3):
 PSYoungGen      total 21504K, used 19455K [0x00000000eab00000, 0x00000000ec280000, 0x0000000100000000)
  eden space 19456K, 99% used [0x00000000eab00000,0x00000000ebdfffc8,0x00000000ebe00000)
  from space 2048K, 0% used [0x00000000ec080000,0x00000000ec080000,0x00000000ec280000)
  to   space 2048K, 0% used [0x00000000ebe80000,0x00000000ebe80000,0x00000000ec080000)
 ParOldGen       total 68608K, used 32078K [0x00000000c0000000, 0x00000000c4300000, 0x00000000eab00000)
  object space 68608K, 46% used [0x00000000c0000000,0x00000000c1f53848,0x00000000c4300000)
 Metaspace       used 59859K, committed 60544K, reserved 1105920K
  class space    used 6168K, committed 6464K, reserved 1048576K
}
Event: 4.957 GC heap after
{Heap after GC invocations=24 (full 3):
 PSYoungGen      total 21504K, used 2048K [0x00000000eab00000, 0x00000000ec300000, 0x0000000100000000)
  eden space 19456K, 0% used [0x00000000eab00000,0x00000000eab00000,0x00000000ebe00000)
  from space 2048K, 100% used [0x00000000ebe80000,0x00000000ec080000,0x00000000ec080000)
  to   space 2560K, 0% used [0x00000000ec080000,0x00000000ec080000,0x00000000ec300000)
 ParOldGen       total 68608K, used 32323K [0x00000000c0000000, 0x00000000c4300000, 0x00000000eab00000)
  object space 68608K, 47% used [0x00000000c0000000,0x00000000c1f90c78,0x00000000c4300000)
 Metaspace       used 59859K, committed 60544K, reserved 1105920K
  class space    used 6168K, committed 6464K, reserved 1048576K
}
Event: 5.083 GC heap before
{Heap before GC invocations=25 (full 3):
 PSYoungGen      total 21504K, used 21504K [0x00000000eab00000, 0x00000000ec300000, 0x0000000100000000)
  eden space 19456K, 100% used [0x00000000eab00000,0x00000000ebe00000,0x00000000ebe00000)
  from space 2048K, 100% used [0x00000000ebe80000,0x00000000ec080000,0x00000000ec080000)
  to   space 2560K, 0% used [0x00000000ec080000,0x00000000ec080000,0x00000000ec300000)
 ParOldGen       total 68608K, used 32323K [0x00000000c0000000, 0x00000000c4300000, 0x00000000eab00000)
  object space 68608K, 47% used [0x00000000c0000000,0x00000000c1f90c78,0x00000000c4300000)
 Metaspace       used 60461K, committed 61184K, reserved 1105920K
  class space    used 6243K, committed 6528K, reserved 1048576K
}
Event: 5.090 GC heap after
{Heap after GC invocations=25 (full 3):
 PSYoungGen      total 16896K, used 2531K [0x00000000eab00000, 0x00000000ecd00000, 0x0000000100000000)
  eden space 14336K, 0% used [0x00000000eab00000,0x00000000eab00000,0x00000000eb900000)
  from space 2560K, 98% used [0x00000000ec080000,0x00000000ec2f8d80,0x00000000ec300000)
  to   space 7680K, 0% used [0x00000000eb900000,0x00000000eb900000,0x00000000ec080000)
 ParOldGen       total 68608K, used 36269K [0x00000000c0000000, 0x00000000c4300000, 0x00000000eab00000)
  object space 68608K, 52% used [0x00000000c0000000,0x00000000c236b7b0,0x00000000c4300000)
 Metaspace       used 60461K, committed 61184K, reserved 1105920K
  class space    used 6243K, committed 6528K, reserved 1048576K
}
Event: 18.884 GC heap before
{Heap before GC invocations=26 (full 3):
 PSYoungGen      total 16896K, used 16867K [0x00000000eab00000, 0x00000000ecd00000, 0x0000000100000000)
  eden space 14336K, 100% used [0x00000000eab00000,0x00000000eb900000,0x00000000eb900000)
  from space 2560K, 98% used [0x00000000ec080000,0x00000000ec2f8d80,0x00000000ec300000)
  to   space 7680K, 0% used [0x00000000eb900000,0x00000000eb900000,0x00000000ec080000)
 ParOldGen       total 68608K, used 36269K [0x00000000c0000000, 0x00000000c4300000, 0x00000000eab00000)
  object space 68608K, 52% used [0x00000000c0000000,0x00000000c236b7b0,0x00000000c4300000)
 Metaspace       used 61403K, committed 62208K, reserved 1105920K
  class space    used 6309K, committed 6656K, reserved 1048576K
}
Event: 18.886 GC heap after
{Heap after GC invocations=26 (full 3):
 PSYoungGen      total 16384K, used 1622K [0x00000000eab00000, 0x00000000ec100000, 0x0000000100000000)
  eden space 14336K, 0% used [0x00000000eab00000,0x00000000eab00000,0x00000000eb900000)
  from space 2048K, 79% used [0x00000000eb900000,0x00000000eba95988,0x00000000ebb00000)
  to   space 3584K, 0% used [0x00000000ebd80000,0x00000000ebd80000,0x00000000ec100000)
 ParOldGen       total 68608K, used 37634K [0x00000000c0000000, 0x00000000c4300000, 0x00000000eab00000)
  object space 68608K, 54% used [0x00000000c0000000,0x00000000c24c0920,0x00000000c4300000)
 Metaspace       used 61403K, committed 62208K, reserved 1105920K
  class space    used 6309K, committed 6656K, reserved 1048576K
}

